Arguments: 
  /Users/makoto/.nvm/versions/node/v10.18.1/bin/node /usr/local/Cellar/yarn/1.22.4/libexec/bin/yarn.js add web3js

PATH: 
  /Users/makoto/.nvm/versions/node/v10.18.1/bin:/Users/makoto/.cargo/bin:/Users/makoto/.nix-profile/bin:/usr/local/opt/postgresql@9.6/bin:/usr/local/bin:/usr/bin:/bin:/usr/sbin:/sbin:/Users/makoto/go/bin

Yarn version: 
  1.22.4

Node version: 
  10.18.1

Platform: 
  darwin x64

Trace: 
  Error: https://registry.yarnpkg.com/web3js: Not found
      at Request.params.callback [as _callback] (/usr/local/Cellar/yarn/1.22.4/libexec/lib/cli.js:66987:18)
      at Request.self.callback (/usr/local/Cellar/yarn/1.22.4/libexec/lib/cli.js:140748:22)
      at Request.emit (events.js:198:13)
      at Request.<anonymous> (/usr/local/Cellar/yarn/1.22.4/libexec/lib/cli.js:141720:10)
      at Request.emit (events.js:198:13)
      at IncomingMessage.<anonymous> (/usr/local/Cellar/yarn/1.22.4/libexec/lib/cli.js:141642:12)
      at Object.onceWrapper (events.js:286:20)
      at IncomingMessage.emit (events.js:203:15)
      at endReadableNT (_stream_readable.js:1145:12)
      at process._tickCallback (internal/process/next_tick.js:63:19)

npm manifest: 
  {
    "name": "gas",
    "version": "1.0.0",
    "main": "index.js",
    "author": "Makoto <inouemak@googlemail.com>",
    "license": "MIT"
  }

yarn manifest: 
  No manifest

Lockfile: 
  No lockfile
